Mar 04 11:54:47 client2.example.com TXT support.helpdesk.com
Mar 04 11:41:34 client1.example.com AAAA internal.company.com
Mar 04 11:58:56 client2.example.com CNAME cloud-storage.net
Mar 04 11:54:42 client2.example.com CNAME cloud-storage.net
Mar 04 11:47:32 client3.example.com A news.portal.com
Mar 04 11:13:30 client2.example.com MX backup-mail.com
Mar 04 11:57:19 client3.example.com AAAA internal.company.com
Mar 04 11:35:11 client2.example.com CNAME cloud-storage.net
Mar 04 11:11:46 client2.example.com SRV sip-service.com
Mar 04 11:49:38 client4.example.com MX backup-mail.com
Mar 04 11:17:54 client1.example.com A safe-site.com
Mar 04 11:26:13 client4.example.com MX backup-mail.com
Mar 04 11:51:42 client4.example.com AAAA cdn.fastcdn.com
Mar 04 11:31:10 client4.example.com MX backup-mail.com
Mar 04 11:39:55 client3.example.com AAAA internal.company.com
Mar 04 11:26:19 client4.example.com A secure-bank.com
Mar 04 11:56:32 client2.example.com CNAME fileshare.net
Mar 04 11:53:29 client4.example.com AAAA cdn.fastcdn.com
Mar 04 11:33:25 client3.example.com A news.portal.com
Mar 04 11:28:34 client3.example.com SRV sip-service.com
Mar 04 11:17:36 client3.example.com SRV sip-service.com
Mar 04 11:44:51 client2.example.com A news.portal.com
Mar 04 11:20:38 client3.example.com MX backup-mail.com
Mar 04 11:52:48 client3.example.com MX backup-mail.com
Mar 04 11:12:24 client3.example.com CNAME cloud-storage.net
Mar 04 11:58:34 client1.example.com CNAME cloud-storage.net
Mar 04 11:16:13 client4.example.com MX backup-mail.com
Mar 04 11:58:45 client4.example.com A news.portal.com
Mar 04 11:24:38 client1.example.com A news.portal.com
Mar 04 11:54:15 client1.example.com A secure-bank.com
Mar 04 11:44:49 client4.example.com A safe-site.com
Mar 04 11:30:20 client2.example.com CNAME fileshare.net
Mar 04 11:45:15 client3.example.com AAAA cdn.fastcdn.com
Mar 04 11:58:22 client1.example.com CNAME cloud-storage.net
Mar 04 11:54:26 client4.example.com SRV sip-service.com
Mar 04 11:26:49 client3.example.com CNAME cloud-storage.net
Mar 04 11:18:21 client4.example.com AAAA cdn.fastcdn.com
Mar 04 11:19:48 client2.example.com AAAA cdn.fastcdn.com
Mar 04 11:53:23 client1.example.com CNAME fileshare.net
Mar 04 11:41:46 client2.example.com MX backup-mail.com
Mar 04 11:22:38 client1.example.com AAAA internal.company.com
Mar 04 11:29:43 client3.example.com CNAME cloud-storage.net
Mar 04 11:58:16 client3.example.com TXT support.helpdesk.com
Mar 04 11:29:35 client4.example.com CNAME cloud-storage.net
Mar 04 11:32:14 client4.example.com TXT support.helpdesk.com
Mar 04 11:48:53 client1.example.com AAAA cdn.fastcdn.com
Mar 04 11:51:25 client3.example.com A secure-bank.com
Mar 04 11:31:58 client1.example.com A secure-bank.com
Mar 04 11:54:44 client4.example.com CNAME cloud-storage.net
Mar 04 11:54:54 client1.example.com MX backup-mail.com
Mar 04 11:52:34 client2.example.com A news.portal.com
Mar 04 11:43:19 client3.example.com CNAME fileshare.net
Mar 04 11:41:43 client1.example.com TXT support.helpdesk.com
Mar 04 11:31:40 client4.example.com SRV sip-service.com
Mar 04 11:40:14 client4.example.com MX backup-mail.com
Mar 04 11:38:50 client2.example.com TXT support.helpdesk.com
Mar 04 11:44:58 client3.example.com AAAA internal.company.com
Mar 04 11:48:19 client3.example.com A secure-bank.com
Mar 04 11:54:41 client3.example.com SRV sip-service.com
Mar 04 11:12:42 client1.example.com A news.portal.com
Mar 04 11:29:59 client2.example.com TXT support.helpdesk.com
Mar 04 11:35:54 client3.example.com A news.portal.com
Mar 04 11:11:46 client3.example.com AAAA cdn.fastcdn.com
Mar 04 11:22:13 client1.example.com A safe-site.com
Mar 04 11:45:53 client2.example.com A news.portal.com
Mar 04 11:44:44 client1.example.com MX backup-mail.com
Mar 04 11:16:53 client2.example.com CNAME cloud-storage.net
Mar 04 11:25:18 client3.example.com CNAME fileshare.net
Mar 04 11:19:51 client4.example.com A secure-bank.com
Mar 04 11:15:52 client2.example.com CNAME fileshare.net
Mar 04 11:49:42 client4.example.com SRV sip-service.com
Mar 04 11:35:25 client4.example.com AAAA internal.company.com
Mar 04 11:12:11 client3.example.com SRV sip-service.com
Mar 04 11:38:10 client3.example.com A secure-bank.com
Mar 04 11:47:59 client1.example.com CNAME fileshare.net
Mar 04 11:50:55 client1.example.com CNAME cloud-storage.net
Mar 04 11:59:46 client4.example.com CNAME fileshare.net
Mar 04 11:19:18 client2.example.com CNAME fileshare.net
Mar 04 11:30:45 client3.example.com AAAA cdn.fastcdn.com
Mar 04 11:40:21 client2.example.com SRV sip-service.com
Mar 04 11:43:20 client3.example.com AAAA internal.company.com
Mar 04 11:33:24 client3.example.com CNAME cloud-storage.net
Mar 04 11:15:17 client4.example.com AAAA internal.company.com
Mar 04 11:33:40 client4.example.com CNAME cloud-storage.net
Mar 04 11:37:52 client4.example.com CNAME fileshare.net
Mar 04 11:41:54 client1.example.com A safe-site.com
Mar 04 11:43:15 client1.example.com A news.portal.com
Mar 04 11:54:37 client3.example.com SRV sip-service.com
Mar 04 11:25:21 client2.example.com SRV sip-service.com
Mar 04 11:23:26 client1.example.com AAAA cdn.fastcdn.com
Mar 04 11:37:23 client3.example.com CNAME fileshare.net
Mar 04 11:40:22 client1.example.com A news.portal.com
Mar 04 11:45:46 client4.example.com CNAME cloud-storage.net
Mar 04 11:50:33 client1.example.com MX backup-mail.com
Mar 04 11:57:28 client2.example.com A news.portal.com
Mar 04 11:20:50 client2.example.com CNAME cloud-storage.net
Mar 04 11:59:20 client4.example.com TXT support.helpdesk.com
Mar 04 11:26:40 client4.example.com A secure-bank.com
Mar 04 11:50:30 client1.example.com AAAA internal.company.com
Mar 04 11:39:38 client2.example.com SRV sip-service.com